TN:
SF:config.js
FNF:0
FNH:0
DA:1,1
LF:1
LH:1
BRF:0
BRH:0
end_of_record
TN:
SF:src/content/content.js
FN:26,initializeEngine
FN:34,(anonymous_1)
FN:55,(anonymous_2)
FN:89,analyzeEmail
FN:123,(anonymous_4)
FN:194,(anonymous_5)
FN:195,(anonymous_6)
FN:261,analyzeEmailWithOpenAI
FN:293,(anonymous_8)
FN:295,(anonymous_9)
FN:301,(anonymous_10)
FN:302,(anonymous_11)
FN:336,(anonymous_12)
FN:349,(anonymous_13)
FN:357,(anonymous_14)
FN:364,(anonymous_15)
FNF:16
FNH:2
FNDA:1,initializeEngine
FNDA:0,(anonymous_1)
FNDA:1,(anonymous_2)
FNDA:0,analyzeEmail
FNDA:0,(anonymous_4)
FNDA:0,(anonymous_5)
FNDA:0,(anonymous_6)
FNDA:0,analyzeEmailWithOpenAI
FNDA:0,(anonymous_8)
FNDA:0,(anonymous_9)
FNDA:0,(anonymous_10)
FNDA:0,(anonymous_11)
FNDA:0,(anonymous_12)
FNDA:0,(anonymous_13)
FNDA:0,(anonymous_14)
FNDA:0,(anonymous_15)
DA:7,1
DA:14,1
DA:27,1
DA:28,1
DA:29,0
DA:30,0
DA:31,0
DA:35,0
DA:39,0
DA:40,0
DA:41,0
DA:43,0
DA:44,0
DA:46,1
DA:47,1
DA:48,1
DA:49,1
DA:50,1
DA:55,1
DA:56,1
DA:57,1
DA:59,0
DA:60,0
DA:61,0
DA:62,0
DA:63,0
DA:65,0
DA:68,0
DA:71,0
DA:72,0
DA:74,0
DA:76,0
DA:81,1
DA:83,1
DA:90,0
DA:91,0
DA:94,0
DA:123,0
DA:176,0
DA:177,0
DA:180,0
DA:181,0
DA:195,0
DA:198,0
DA:199,0
DA:202,0
DA:204,0
DA:205,0
DA:206,0
DA:209,0
DA:210,0
DA:212,0
DA:215,0
DA:216,0
DA:219,0
DA:220,0
DA:223,0
DA:224,0
DA:225,0
DA:227,0
DA:228,0
DA:262,0
DA:264,0
DA:265,0
DA:294,0
DA:295,0
DA:296,0
DA:299,0
DA:302,0
DA:306,0
DA:308,0
DA:311,0
DA:312,0
DA:313,0
DA:336,0
DA:338,0
DA:341,0
DA:346,1
DA:349,1
DA:350,0
DA:352,0
DA:353,0
DA:356,0
DA:357,0
DA:358,0
DA:361,0
DA:362,0
DA:363,0
DA:364,0
DA:365,0
LF:90
LH:16
BRDA:28,0,0,0
BRDA:28,0,1,1
BRDA:46,1,0,1
BRDA:46,1,1,0
BRDA:57,2,0,1
BRDA:57,2,1,0
BRDA:61,3,0,0
BRDA:61,3,1,0
BRDA:61,4,0,0
BRDA:61,4,1,0
BRDA:90,5,0,0
BRDA:90,5,1,0
BRDA:123,6,0,0
BRDA:123,6,1,0
BRDA:180,7,0,0
BRDA:180,7,1,0
BRDA:198,8,0,0
BRDA:198,8,1,0
BRDA:215,9,0,0
BRDA:215,9,1,0
BRDA:294,10,0,0
BRDA:294,10,1,0
BRDA:296,11,0,0
BRDA:296,11,1,0
BRDA:311,12,0,0
BRDA:311,12,1,0
BRDA:311,13,0,0
BRDA:311,13,1,0
BRDA:352,14,0,0
BRDA:352,14,1,0
BRDA:356,15,0,0
BRDA:356,15,1,0
BRDA:361,16,0,0
BRDA:361,16,1,0
BRF:34
BRH:3
end_of_record
TN:
SF:src/content/providers.js
FN:16,detectProvider
FN:23,extractEmailContent
FN:28,(anonymous_2)
FNF:3
FNH:3
FNDA:4,detectProvider
FNDA:3,extractEmailContent
FNDA:1,(anonymous_2)
DA:1,3
DA:17,4
DA:18,4
DA:19,3
DA:20,2
DA:24,3
DA:25,3
DA:28,1
LF:8
LH:8
BRDA:18,0,0,1
BRDA:18,0,1,3
BRDA:19,1,0,1
BRDA:19,1,1,2
BRDA:26,2,0,3
BRDA:26,2,1,1
BRDA:27,3,0,2
BRDA:27,3,1,1
BRF:8
BRH:8
end_of_record
TN:
SF:src/content/ui.js
FN:1,createAnalysisUI
FN:35,(anonymous_1)
FN:87,(anonymous_2)
FN:333,getRiskLevelText
FN:346,showLoadingState
FN:387,getStatusIcon
FNF:6
FNH:4
FNDA:3,createAnalysisUI
FNDA:1,(anonymous_1)
FNDA:0,(anonymous_2)
FNDA:2,getRiskLevelText
FNDA:0,showLoadingState
FNDA:2,getStatusIcon
DA:2,3
DA:3,3
DA:6,2
DA:7,2
DA:10,2
DA:11,2
DA:14,2
DA:35,1
DA:53,2
DA:56,2
DA:64,2
DA:65,10
DA:66,10
DA:68,0
DA:69,0
DA:70,0
DA:72,0
DA:77,2
DA:78,0
DA:81,2
DA:85,2
DA:86,2
DA:87,2
DA:88,0
DA:89,0
DA:90,0
DA:95,2
DA:96,1
DA:97,1
DA:98,1
DA:329,1
DA:334,2
DA:336,1
DA:338,0
DA:340,1
DA:342,0
DA:347,0
DA:348,0
DA:350,0
DA:351,0
DA:352,0
DA:364,0
DA:365,0
DA:367,0
DA:368,0
DA:369,0
DA:370,0
DA:371,0
DA:372,0
DA:374,0
DA:378,0
DA:379,0
DA:381,0
DA:384,0
DA:388,2
DA:415,2
LF:56
LH:28
BRDA:3,0,0,1
BRDA:3,0,1,2
BRDA:7,1,0,0
BRDA:7,1,1,2
BRDA:33,2,0,1
BRDA:33,2,1,1
BRDA:66,3,0,0
BRDA:66,3,1,10
BRDA:69,4,0,0
BRDA:69,4,1,0
BRDA:77,5,0,0
BRDA:77,5,1,2
BRDA:77,6,0,2
BRDA:77,6,1,0
BRDA:86,7,0,2
BRDA:86,7,1,0
BRDA:95,8,0,1
BRDA:95,8,1,1
BRDA:233,9,0,0
BRDA:233,9,1,1
BRDA:334,10,0,1
BRDA:334,10,1,0
BRDA:334,10,2,1
BRDA:334,10,3,0
BRDA:348,11,0,0
BRDA:348,11,1,0
BRDA:369,12,0,0
BRDA:369,12,1,0
BRDA:371,13,0,0
BRDA:371,13,1,0
BRDA:378,14,0,0
BRDA:378,14,1,0
BRDA:378,15,0,0
BRDA:378,15,1,0
BRDA:415,16,0,2
BRDA:415,16,1,0
BRF:36
BRH:15
end_of_record
