TN:
SF:src/content/providers.js
FN:16,detectProvider
FN:23,extractEmailContent
FN:28,(anonymous_2)
FNF:3
FNH:3
FNDA:3,detectProvider
FNDA:3,extractEmailContent
FNDA:1,(anonymous_2)
DA:1,2
DA:17,3
DA:18,3
DA:19,2
DA:20,1
DA:24,3
DA:25,3
DA:28,1
LF:8
LH:8
BRDA:18,0,0,1
BRDA:18,0,1,2
BRDA:19,1,0,1
BRDA:19,1,1,1
BRDA:26,2,0,3
BRDA:26,2,1,1
BRDA:27,3,0,2
BRDA:27,3,1,1
BRF:8
BRH:8
end_of_record
TN:
SF:src/content/ui.js
FN:1,createAnalysisUI
FN:35,(anonymous_1)
FN:87,(anonymous_2)
FN:333,getRiskLevelText
FN:346,showLoadingState
FN:387,getStatusIcon
FNF:6
FNH:4
FNDA:3,createAnalysisUI
FNDA:1,(anonymous_1)
FNDA:0,(anonymous_2)
FNDA:2,getRiskLevelText
FNDA:0,showLoadingState
FNDA:2,getStatusIcon
DA:2,3
DA:3,3
DA:6,2
DA:7,2
DA:10,2
DA:11,2
DA:14,2
DA:35,1
DA:53,2
DA:56,2
DA:64,2
DA:65,10
DA:66,10
DA:68,0
DA:69,0
DA:70,0
DA:72,0
DA:77,2
DA:78,0
DA:81,2
DA:85,2
DA:86,2
DA:87,2
DA:88,0
DA:89,0
DA:90,0
DA:95,2
DA:96,1
DA:97,1
DA:98,1
DA:329,1
DA:334,2
DA:336,1
DA:338,0
DA:340,1
DA:342,0
DA:347,0
DA:348,0
DA:350,0
DA:351,0
DA:352,0
DA:364,0
DA:365,0
DA:367,0
DA:368,0
DA:369,0
DA:370,0
DA:371,0
DA:372,0
DA:374,0
DA:378,0
DA:379,0
DA:381,0
DA:384,0
DA:388,2
DA:415,2
LF:56
LH:28
BRDA:3,0,0,1
BRDA:3,0,1,2
BRDA:7,1,0,1
BRDA:7,1,1,1
BRDA:33,2,0,1
BRDA:33,2,1,1
BRDA:66,3,0,0
BRDA:66,3,1,10
BRDA:69,4,0,0
BRDA:69,4,1,0
BRDA:77,5,0,0
BRDA:77,5,1,2
BRDA:77,6,0,2
BRDA:77,6,1,0
BRDA:86,7,0,2
BRDA:86,7,1,0
BRDA:95,8,0,1
BRDA:95,8,1,1
BRDA:233,9,0,0
BRDA:233,9,1,1
BRDA:334,10,0,1
BRDA:334,10,1,0
BRDA:334,10,2,1
BRDA:334,10,3,0
BRDA:348,11,0,0
BRDA:348,11,1,0
BRDA:369,12,0,0
BRDA:369,12,1,0
BRDA:371,13,0,0
BRDA:371,13,1,0
BRDA:378,14,0,0
BRDA:378,14,1,0
BRDA:378,15,0,0
BRDA:378,15,1,0
BRDA:415,16,0,2
BRDA:415,16,1,0
BRF:36
BRH:16
end_of_record
